<?xml version="1.0" encoding="UTF-8"?>
<!-- Generated by org.testng.reporters.JUnitXMLReporter -->
<testsuite hostname="marjanas-Air" ignored="3" name="Default test" tests="1" failures="0" timestamp="2022-12-20T19:51:57 EST" time="4.656" errors="0">
  <testcase name="getCallBodyValidation" time="4.575" classname="api.test.GetAPI"/>
  <testcase name="getCallListValidation" time="0.0" classname="api.test.GetAPI">
    <ignored/>
  </testcase> <!-- getCallListValidation -->
  <testcase name="getCallBodyValidation2" time="0.0" classname="api.test.GetAPI">
    <ignored/>
  </testcase> <!-- getCallBodyValidation2 -->
  <testcase name="getStatusCode" time="0.0" classname="api.test.GetAPI">
    <ignored/>
  </testcase> <!-- getStatusCode -->
</testsuite> <!-- Default test -->
