<?xml version="1.0" encoding="UTF-8"?>
<!-- Generated by org.testng.reporters.JUnitXMLReporter -->
<testsuite hostname="marjanas-Air" ignored="4" name="Default test" tests="1" failures="0" timestamp="2022-12-13T18:33:28 EST" time="2.699" errors="0">
  <testcase name="getCallComplexListValidationJsonPath" time="2.662" classname="api.test.GetAPI"/>
  <testcase name="getCallBodyValidation2" time="0.0" classname="api.test.GetAPI">
    <ignored/>
  </testcase> <!-- getCallBodyValidation2 -->
  <testcase name="getCallListValidation" time="0.0" classname="api.test.GetAPI">
    <ignored/>
  </testcase> <!-- getCallListValidation -->
  <testcase name="getStatusCode" time="0.0" classname="api.test.GetAPI">
    <ignored/>
  </testcase> <!-- getStatusCode -->
  <testcase name="getCallBodyValidation" time="0.0" classname="api.test.GetAPI">
    <ignored/>
  </testcase> <!-- getCallBodyValidation -->
</testsuite> <!-- Default test -->
