<?xml version="1.0" encoding="UTF-8"?>
<testng-results skipped="0" failed="0" ignored="4" total="5" passed="1">
  <reporter-output>
  </reporter-output>
  <suite name="Default suite" duration-ms="2699" started-at="2022-12-13T18:33:26 EST" finished-at="2022-12-13T18:33:28 EST">
    <groups>
    </groups>
    <test name="Default test" duration-ms="2699" started-at="2022-12-13T18:33:26 EST" finished-at="2022-12-13T18:33:28 EST">
      <class name="api.test.GetAPI">
        <test-method status="PASS" signature="getCallComplexListValidationJsonPath()[pri:0, instance:api.test.GetAPI@480bdb19]" name="getCallComplexListValidationJsonPath" duration-ms="2662" started-at="2022-12-13T18:33:26 EST" finished-at="2022-12-13T18:33:28 EST">
          <reporter-output>
          </reporter-output>
        </test-method> <!-- getCallComplexListValidationJsonPath -->
      </class> <!-- api.test.GetAPI -->
    </test> <!-- Default test -->
  </suite> <!-- Default suite -->
</testng-results>
