<?xml version="1.0" encoding="UTF-8"?>
<testng-results skipped="0" failed="0" ignored="3" total="4" passed="1">
  <reporter-output>
  </reporter-output>
  <suite name="Default suite" duration-ms="4656" started-at="2022-12-20T19:51:52 EST" finished-at="2022-12-20T19:51:57 EST">
    <groups>
    </groups>
    <test name="Default test" duration-ms="4656" started-at="2022-12-20T19:51:52 EST" finished-at="2022-12-20T19:51:57 EST">
      <class name="api.test.GetAPI">
        <test-method status="PASS" signature="getCallBodyValidation()[pri:0, instance:api.test.GetAPI@69a3d1d]" name="getCallBodyValidation" duration-ms="4575" started-at="2022-12-20T19:51:52 EST" finished-at="2022-12-20T19:51:57 EST">
          <reporter-output>
          </reporter-output>
        </test-method> <!-- getCallBodyValidation -->
      </class> <!-- api.test.GetAPI -->
    </test> <!-- Default test -->
  </suite> <!-- Default suite -->
</testng-results>
